<?xml version="1.0" encoding="utf-8" standalone="no"?>
<!--This file represents the results of running a test suite-->
<test-results name="D:\mypr\MyPr\MyPr\MyPr\bin\Debug\MyPr.exe" total="0" errors="0" failures="0" not-run="0" inconclusive="0" ignored="0" skipped="0" invalid="0" date="2010-11-06" time="16:00:15">
  <environment nunit-version="2.5.8.10295" clr-version="2.0.50727.4952" os-version="Microsoft Windows NT 6.1.7600.0" platform="Win32NT" cwd="D:\mypr\MyPr\MyPr\MyPr\bin\Debug" machine-name="I-NEED-REST-PC" user="I-need-rest" user-domain="I-need-rest-PC" />
  <culture-info current-culture="en-US" current-uiculture="en-US" />
  <test-suite type="Assembly" name="D:\mypr\MyPr\MyPr\MyPr\bin\Debug\MyPr.exe" executed="False" result="NotRunnable">
    <reason>
      <message><![CDATA[Has no TestFixtures]]></message>
    </reason>
  </test-suite>
</test-results>