<?xml version="1.0" encoding="utf-8" standalone="no"?>
<!--This file represents the results of running a test suite-->
<test-results name="D:\mypr\MyPr\MyPr\MyPr\bin\Debug\MyPr.exe" total="1" errors="0" failures="0" not-run="0" inconclusive="0" ignored="0" skipped="0" invalid="0" date="2010-11-06" time="16:08:46">
  <environment nunit-version="2.5.8.10295" clr-version="2.0.50727.4952" os-version="Microsoft Windows NT 6.1.7600.0" platform="Win32NT" cwd="D:\mypr\MyPr\MyPr\MyPr\bin\Debug" machine-name="I-NEED-REST-PC" user="I-need-rest" user-domain="I-need-rest-PC" />
  <culture-info current-culture="en-US" current-uiculture="en-US" />
  <test-suite type="Assembly" name="D:\mypr\MyPr\MyPr\MyPr\bin\Debug\MyPr.exe" executed="True" result="Success" success="True" time="0.016" asserts="0">
    <results>
      <test-suite type="Namespace" name="MyPr" executed="True" result="Success" success="True" time="0.016" asserts="0">
        <results>
          <test-suite type="TestFixture" name="Tests" executed="True" result="Success" success="True" time="0.016" asserts="0">
            <results>
              <test-case name="MyPr.Tests.FirstTest" executed="True" result="Success" success="True" time="0.000" asserts="2" />
            </results>
          </test-suite>
        </results>
      </test-suite>
    </results>
  </test-suite>
</test-results>